<?xml version="1.0" encoding="UTF-8"?>
<!-- Generated by org.testng.reporters.JUnitReportReporter -->
<testsuite hostname="1000060272-FFH6QPL6NR" failures="0" tests="1" name="org.courierdost.android.androidFirstTest" time="14.386" errors="0" timestamp="2024-11-12T21:59:36 IST" skipped="0">
  <testcase classname="org.courierdost.android.androidFirstTest" name="FillForm" time="14.386"/>
  <system-out/>
</testsuite> <!-- org.courierdost.android.androidFirstTest -->
